warning: use the fully-qualified `#[bitwarden_logging::instrument]` instead
  --> $DIR/main.rs:12:5
   |
LL |     #[tracing::instrument]
   |     ^^^^^^^^^^^^^^^^^^^^^^
   |
   = help: `bitwarden_logging::instrument` defaults to `skip_all`, preventing accidental logging of function arguments. Use `fields(name = expr)` to opt in. Always write the path fully so the safety property is visible at the call site.
note: the lint level is defined here
  --> $DIR/main.rs:3:9
   |
LL | #![warn(tracing_instrument)]
   |         ^^^^^^^^^^^^^^^^^^

warning: use the fully-qualified `#[bitwarden_logging::instrument]` instead
  --> $DIR/main.rs:19:5
   |
LL |     #[tracing::instrument(skip(self), err)]
   |     ^^^^^^^^^^^^^^^^^^^^^^^^^^^^^^^^^^^^^^^
   |
   = help: `bitwarden_logging::instrument` defaults to `skip_all`, preventing accidental logging of function arguments. Use `fields(name = expr)` to opt in. Always write the path fully so the safety property is visible at the call site.

warning: use the fully-qualified `#[bitwarden_logging::instrument]` instead
  --> $DIR/main.rs:34:5
   |
LL |     #[instrument]
   |     ^^^^^^^^^^^^^
   |
   = help: `bitwarden_logging::instrument` defaults to `skip_all`, preventing accidental logging of function arguments. Use `fields(name = expr)` to opt in. Always write the path fully so the safety property is visible at the call site.

warning: 3 warnings emitted

